{"C:\\Users\\sinchana c s\\Downloads\\ksp-datathon-2026\\functions\\api\\src\\config\\constants.js": {"path":"C:\\Users\\sinchana c s\\Downloads\\ksp-datathon-2026\\functions\\api\\src\\config\\constants.js","statementMap":{"0":{"start":{"line":3,"column":15},"end":{"line":48,"column":2}},"1":{"start":{"line":50,"column":14},"end":{"line":58,"column":2}},"2":{"start":{"line":60,"column":16},"end":{"line":72,"column":2}},"3":{"start":{"line":74,"column":19},"end":{"line":82,"column":2}},"4":{"start":{"line":84,"column":30},"end":{"line":84,"column":72}},"5":{"start":{"line":86,"column":0},"end":{"line":86,"column":79}}},"fnMap":{},"branchMap":{},"s":{"0":1,"1":1,"2":1,"3":1,"4":1,"5":1},"f":{},"b":{},"_coverageSchema":"1a1c01bbd47fc00a2c39e90264f33305004495a9","hash":"5f19132cc9329553df29dad3dc5c31ac842bc63d"}
,"C:\\Users\\sinchana c s\\Downloads\\ksp-datathon-2026\\functions\\api\\src\\services\\riskScoring.service.js": {"path":"C:\\Users\\sinchana c s\\Downloads\\ksp-datathon-2026\\functions\\api\\src\\services\\riskScoring.service.js","statementMap":{"0":{"start":{"line":3,"column":26},"end":{"line":3,"column":71}},"1":{"start":{"line":4,"column":27},"end":{"line":4,"column":50}},"2":{"start":{"line":5,"column":19},"end":{"line":5,"column":49}},"3":{"start":{"line":9,"column":4},"end":{"line":9,"column":35}},"4":{"start":{"line":10,"column":4},"end":{"line":10,"column":58}},"5":{"start":{"line":14,"column":20},"end":{"line":14,"column":74}},"6":{"start":{"line":15,"column":21},"end":{"line":15,"column":76}},"7":{"start":{"line":17,"column":20},"end":{"line":17,"column":22}},"8":{"start":{"line":18,"column":16},"end":{"line":18,"column":17}},"9":{"start":{"line":20,"column":28},"end":{"line":20,"column":60}},"10":{"start":{"line":21,"column":4},"end":{"line":21,"column":97}},"11":{"start":{"line":22,"column":4},"end":{"line":22,"column":29}},"12":{"start":{"line":24,"column":23},"end":{"line":26,"column":9}},"13":{"start":{"line":25,"column":35},"end":{"line":25,"column":77}},"14":{"start":{"line":27,"column":26},"end":{"line":27,"column":67}},"15":{"start":{"line":28,"column":4},"end":{"line":28,"column":109}},"16":{"start":{"line":29,"column":4},"end":{"line":29,"column":27}},"17":{"start":{"line":31,"column":23},"end":{"line":33,"column":31}},"18":{"start":{"line":32,"column":18},"end":{"line":32,"column":60}},"19":{"start":{"line":33,"column":22},"end":{"line":33,"column":27}},"20":{"start":{"line":34,"column":28},"end":{"line":34,"column":101}},"21":{"start":{"line":35,"column":26},"end":{"line":35,"column":82}},"22":{"start":{"line":36,"column":4},"end":{"line":36,"column":131}},"23":{"start":{"line":37,"column":4},"end":{"line":37,"column":27}},"24":{"start":{"line":39,"column":24},"end":{"line":39,"column":39}},"25":{"start":{"line":40,"column":25},"end":{"line":40,"column":54}},"26":{"start":{"line":41,"column":4},"end":{"line":41,"column":104}},"27":{"start":{"line":42,"column":4},"end":{"line":42,"column":26}},"28":{"start":{"line":44,"column":4},"end":{"line":44,"column":33}},"29":{"start":{"line":46,"column":19},"end":{"line":49,"column":5}},"30":{"start":{"line":50,"column":4},"end":{"line":50,"column":80}},"31":{"start":{"line":52,"column":4},"end":{"line":52,"column":82}},"32":{"start":{"line":56,"column":4},"end":{"line":56,"column":35}},"33":{"start":{"line":56,"column":21},"end":{"line":56,"column":35}},"34":{"start":{"line":57,"column":4},"end":{"line":57,"column":37}},"35":{"start":{"line":57,"column":21},"end":{"line":57,"column":37}},"36":{"start":{"line":58,"column":4},"end":{"line":58,"column":17}},"37":{"start":{"line":62,"column":18},"end":{"line":64,"column":44}},"38":{"start":{"line":65,"column":17},"end":{"line":65,"column":113}},"39":{"start":{"line":66,"column":4},"end":{"line":66,"column":27}},"40":{"start":{"line":70,"column":0},"end":{"line":70,"column":36}}},"fnMap":{"0":{"name":"(anonymous_0)","decl":{"start":{"line":8,"column":2},"end":{"line":8,"column":3}},"loc":{"start":{"line":8,"column":27},"end":{"line":11,"column":3}},"line":8},"1":{"name":"(anonymous_1)","decl":{"start":{"line":13,"column":2},"end":{"line":13,"column":3}},"loc":{"start":{"line":13,"column":55},"end":{"line":53,"column":3}},"line":13},"2":{"name":"(anonymous_2)","decl":{"start":{"line":25,"column":23},"end":{"line":25,"column":24}},"loc":{"start":{"line":25,"column":35},"end":{"line":25,"column":77}},"line":25},"3":{"name":"(anonymous_3)","decl":{"start":{"line":32,"column":11},"end":{"line":32,"column":12}},"loc":{"start":{"line":32,"column":18},"end":{"line":32,"column":60}},"line":32},"4":{"name":"(anonymous_4)","decl":{"start":{"line":33,"column":12},"end":{"line":33,"column":13}},"loc":{"start":{"line":33,"column":22},"end":{"line":33,"column":27}},"line":33},"5":{"name":"(anonymous_5)","decl":{"start":{"line":55,"column":2},"end":{"line":55,"column":3}},"loc":{"start":{"line":55,"column":20},"end":{"line":59,"column":3}},"line":55},"6":{"name":"(anonymous_6)","decl":{"start":{"line":61,"column":2},"end":{"line":61,"column":3}},"loc":{"start":{"line":61,"column":40},"end":{"line":67,"column":3}},"line":61}},"branchMap":{"0":{"loc":{"start":{"line":24,"column":23},"end":{"line":26,"column":9}},"type":"cond-expr","locations":[{"start":{"line":25,"column":8},"end":{"line":25,"column":98}},{"start":{"line":26,"column":8},"end":{"line":26,"column":9}}],"line":24},"1":{"loc":{"start":{"line":25,"column":42},"end":{"line":25,"column":76}},"type":"binary-expr","locations":[{"start":{"line":25,"column":42},"end":{"line":25,"column":71}},{"start":{"line":25,"column":75},"end":{"line":25,"column":76}}],"line":25},"2":{"loc":{"start":{"line":34,"column":28},"end":{"line":34,"column":101}},"type":"cond-expr","locations":[{"start":{"line":34,"column":41},"end":{"line":34,"column":95}},{"start":{"line":34,"column":98},"end":{"line":34,"column":101}}],"line":34},"3":{"loc":{"start":{"line":35,"column":26},"end":{"line":35,"column":82}},"type":"cond-expr","locations":[{"start":{"line":35,"column":48},"end":{"line":35,"column":50}},{"start":{"line":35,"column":53},"end":{"line":35,"column":82}}],"line":35},"4":{"loc":{"start":{"line":35,"column":53},"end":{"line":35,"column":82}},"type":"cond-expr","locations":[{"start":{"line":35,"column":76},"end":{"line":35,"column":78}},{"start":{"line":35,"column":81},"end":{"line":35,"column":82}}],"line":35},"5":{"loc":{"start":{"line":56,"column":4},"end":{"line":56,"column":35}},"type":"if","locations":[{"start":{"line":56,"column":4},"end":{"line":56,"column":35}},{"start":{},"end":{}}],"line":56},"6":{"loc":{"start":{"line":57,"column":4},"end":{"line":57,"column":37}},"type":"if","locations":[{"start":{"line":57,"column":4},"end":{"line":57,"column":37}},{"start":{},"end":{}}],"line":57},"7":{"loc":{"start":{"line":66,"column":11},"end":{"line":66,"column":26}},"type":"binary-expr","locations":[{"start":{"line":66,"column":11},"end":{"line":66,"column":18}},{"start":{"line":66,"column":22},"end":{"line":66,"column":26}}],"line":66}},"s":{"0":1,"1":1,"2":1,"3":2,"4":2,"5":1,"6":1,"7":1,"8":1,"9":1,"10":1,"11":1,"12":1,"13":2,"14":1,"15":1,"16":1,"17":1,"18":2,"19":1,"20":1,"21":1,"22":1,"23":1,"24":1,"25":1,"26":1,"27":1,"28":1,"29":1,"30":1,"31":1,"32":5,"33":1,"34":4,"35":3,"36":1,"37":0,"38":0,"39":0,"40":1},"f":{"0":2,"1":1,"2":2,"3":2,"4":1,"5":5,"6":0},"b":{"0":[1,0],"1":[2,0],"2":[1,0],"3":[1,0],"4":[0,0],"5":[1,4],"6":[3,1],"7":[0,0]},"_coverageSchema":"1a1c01bbd47fc00a2c39e90264f33305004495a9","hash":"d7df68b225d702e4099ae13523f0b5b19d05b698"}
,"C:\\Users\\sinchana c s\\Downloads\\ksp-datathon-2026\\functions\\api\\src\\utils\\zcqlBuilder.js": {"path":"C:\\Users\\sinchana c s\\Downloads\\ksp-datathon-2026\\functions\\api\\src\\utils\\zcqlBuilder.js","statementMap":{"0":{"start":{"line":4,"column":2},"end":{"line":4,"column":59}},"1":{"start":{"line":4,"column":45},"end":{"line":4,"column":59}},"2":{"start":{"line":5,"column":2},"end":{"line":5,"column":54}},"3":{"start":{"line":5,"column":33},"end":{"line":5,"column":54}},"4":{"start":{"line":6,"column":2},"end":{"line":6,"column":59}},"5":{"start":{"line":6,"column":34},"end":{"line":6,"column":59}},"6":{"start":{"line":7,"column":18},"end":{"line":7,"column":51}},"7":{"start":{"line":8,"column":2},"end":{"line":8,"column":24}},"8":{"start":{"line":12,"column":18},"end":{"line":23,"column":6}},"9":{"start":{"line":13,"column":23},"end":{"line":13,"column":64}},"10":{"start":{"line":15,"column":6},"end":{"line":18,"column":7}},"11":{"start":{"line":16,"column":21},"end":{"line":16,"column":54}},"12":{"start":{"line":17,"column":8},"end":{"line":17,"column":37}},"13":{"start":{"line":19,"column":6},"end":{"line":21,"column":7}},"14":{"start":{"line":20,"column":8},"end":{"line":20,"column":64}},"15":{"start":{"line":22,"column":6},"end":{"line":22,"column":46}},"16":{"start":{"line":24,"column":2},"end":{"line":24,"column":64}},"17":{"start":{"line":28,"column":16},"end":{"line":28,"column":41}},"18":{"start":{"line":29,"column":14},"end":{"line":29,"column":67}},"19":{"start":{"line":30,"column":2},"end":{"line":30,"column":47}},"20":{"start":{"line":30,"column":15},"end":{"line":30,"column":47}},"21":{"start":{"line":31,"column":2},"end":{"line":31,"column":56}},"22":{"start":{"line":32,"column":2},"end":{"line":32,"column":43}},"23":{"start":{"line":35,"column":0},"end":{"line":35,"column":64}}},"fnMap":{"0":{"name":"escapeValue","decl":{"start":{"line":3,"column":9},"end":{"line":3,"column":20}},"loc":{"start":{"line":3,"column":28},"end":{"line":9,"column":1}},"line":3},"1":{"name":"buildWhereClause","decl":{"start":{"line":11,"column":9},"end":{"line":11,"column":25}},"loc":{"start":{"line":11,"column":40},"end":{"line":25,"column":1}},"line":11},"2":{"name":"(anonymous_2)","decl":{"start":{"line":13,"column":12},"end":{"line":13,"column":13}},"loc":{"start":{"line":13,"column":23},"end":{"line":13,"column":64}},"line":13},"3":{"name":"(anonymous_3)","decl":{"start":{"line":14,"column":9},"end":{"line":14,"column":10}},"loc":{"start":{"line":14,"column":27},"end":{"line":23,"column":5}},"line":14},"4":{"name":"buildSelect","decl":{"start":{"line":27,"column":9},"end":{"line":27,"column":20}},"loc":{"start":{"line":27,"column":103},"end":{"line":33,"column":1}},"line":27}},"branchMap":{"0":{"loc":{"start":{"line":4,"column":2},"end":{"line":4,"column":59}},"type":"if","locations":[{"start":{"line":4,"column":2},"end":{"line":4,"column":59}},{"start":{},"end":{}}],"line":4},"1":{"loc":{"start":{"line":4,"column":6},"end":{"line":4,"column":43}},"type":"binary-expr","locations":[{"start":{"line":4,"column":6},"end":{"line":4,"column":20}},{"start":{"line":4,"column":24},"end":{"line":4,"column":43}}],"line":4},"2":{"loc":{"start":{"line":5,"column":2},"end":{"line":5,"column":54}},"type":"if","locations":[{"start":{"line":5,"column":2},"end":{"line":5,"column":54}},{"start":{},"end":{}}],"line":5},"3":{"loc":{"start":{"line":6,"column":2},"end":{"line":6,"column":59}},"type":"if","locations":[{"start":{"line":6,"column":2},"end":{"line":6,"column":59}},{"start":{},"end":{}}],"line":6},"4":{"loc":{"start":{"line":6,"column":41},"end":{"line":6,"column":58}},"type":"cond-expr","locations":[{"start":{"line":6,"column":49},"end":{"line":6,"column":52}},{"start":{"line":6,"column":55},"end":{"line":6,"column":58}}],"line":6},"5":{"loc":{"start":{"line":11,"column":26},"end":{"line":11,"column":38}},"type":"default-arg","locations":[{"start":{"line":11,"column":36},"end":{"line":11,"column":38}}],"line":11},"6":{"loc":{"start":{"line":13,"column":23},"end":{"line":13,"column":64}},"type":"binary-expr","locations":[{"start":{"line":13,"column":23},"end":{"line":13,"column":38}},{"start":{"line":13,"column":42},"end":{"line":13,"column":52}},{"start":{"line":13,"column":56},"end":{"line":13,"column":64}}],"line":13},"7":{"loc":{"start":{"line":15,"column":6},"end":{"line":18,"column":7}},"type":"if","locations":[{"start":{"line":15,"column":6},"end":{"line":18,"column":7}},{"start":{},"end":{}}],"line":15},"8":{"loc":{"start":{"line":19,"column":6},"end":{"line":21,"column":7}},"type":"if","locations":[{"start":{"line":19,"column":6},"end":{"line":21,"column":7}},{"start":{},"end":{}}],"line":19},"9":{"loc":{"start":{"line":19,"column":10},"end":{"line":19,"column":47}},"type":"binary-expr","locations":[{"start":{"line":19,"column":10},"end":{"line":19,"column":35}},{"start":{"line":19,"column":39},"end":{"line":19,"column":47}}],"line":19},"10":{"loc":{"start":{"line":24,"column":9},"end":{"line":24,"column":63}},"type":"cond-expr","locations":[{"start":{"line":24,"column":26},"end":{"line":24,"column":58}},{"start":{"line":24,"column":61},"end":{"line":24,"column":63}}],"line":24},"11":{"loc":{"start":{"line":27,"column":30},"end":{"line":27,"column":45}},"type":"default-arg","locations":[{"start":{"line":27,"column":40},"end":{"line":27,"column":45}}],"line":27},"12":{"loc":{"start":{"line":27,"column":47},"end":{"line":27,"column":59}},"type":"default-arg","locations":[{"start":{"line":27,"column":57},"end":{"line":27,"column":59}}],"line":27},"13":{"loc":{"start":{"line":27,"column":61},"end":{"line":27,"column":75}},"type":"default-arg","locations":[{"start":{"line":27,"column":71},"end":{"line":27,"column":75}}],"line":27},"14":{"loc":{"start":{"line":27,"column":77},"end":{"line":27,"column":87}},"type":"default-arg","locations":[{"start":{"line":27,"column":85},"end":{"line":27,"column":87}}],"line":27},"15":{"loc":{"start":{"line":27,"column":89},"end":{"line":27,"column":99}},"type":"default-arg","locations":[{"start":{"line":27,"column":98},"end":{"line":27,"column":99}}],"line":27},"16":{"loc":{"start":{"line":30,"column":2},"end":{"line":30,"column":47}},"type":"if","locations":[{"start":{"line":30,"column":2},"end":{"line":30,"column":47}},{"start":{},"end":{}}],"line":30}},"s":{"0":15,"1":2,"2":13,"3":8,"4":5,"5":2,"6":3,"7":3,"8":5,"9":8,"10":6,"11":1,"12":1,"13":5,"14":1,"15":4,"16":5,"17":1,"18":1,"19":1,"20":0,"21":1,"22":1,"23":1},"f":{"0":15,"1":5,"2":8,"3":6,"4":1},"b":{"0":[2,13],"1":[15,14],"2":[8,5],"3":[2,3],"4":[1,1],"5":[0],"6":[8,7,6],"7":[1,5],"8":[1,4],"9":[5,1],"10":[5,0],"11":[1],"12":[0],"13":[1],"14":[0],"15":[0],"16":[0,1]},"_coverageSchema":"1a1c01bbd47fc00a2c39e90264f33305004495a9","hash":"2a63664ca0e0ded4bf588e3aaef4a0fb30eb2737"}
}
