TN:
SF:src\config\constants.js
FNF:0
FNH:0
DA:3,1
DA:50,1
DA:60,1
DA:74,1
DA:84,1
DA:86,1
LF:6
LH:6
BRF:0
BRH:0
end_of_record
TN:
SF:src\services\riskScoring.service.js
FN:8,(anonymous_0)
FN:13,(anonymous_1)
FN:25,(anonymous_2)
FN:32,(anonymous_3)
FN:33,(anonymous_4)
FN:55,(anonymous_5)
FN:61,(anonymous_6)
FNF:7
FNH:6
FNDA:2,(anonymous_0)
FNDA:1,(anonymous_1)
FNDA:2,(anonymous_2)
FNDA:2,(anonymous_3)
FNDA:1,(anonymous_4)
FNDA:5,(anonymous_5)
FNDA:0,(anonymous_6)
DA:3,1
DA:4,1
DA:5,1
DA:9,2
DA:10,2
DA:14,1
DA:15,1
DA:17,1
DA:18,1
DA:20,1
DA:21,1
DA:22,1
DA:24,1
DA:25,2
DA:27,1
DA:28,1
DA:29,1
DA:31,1
DA:32,2
DA:33,1
DA:34,1
DA:35,1
DA:36,1
DA:37,1
DA:39,1
DA:40,1
DA:41,1
DA:42,1
DA:44,1
DA:46,1
DA:50,1
DA:52,1
DA:56,5
DA:57,4
DA:58,1
DA:62,0
DA:65,0
DA:66,0
DA:70,1
LF:39
LH:36
BRDA:24,0,0,1
BRDA:24,0,1,0
BRDA:25,1,0,2
BRDA:25,1,1,0
BRDA:34,2,0,1
BRDA:34,2,1,0
BRDA:35,3,0,1
BRDA:35,3,1,0
BRDA:35,4,0,0
BRDA:35,4,1,0
BRDA:56,5,0,1
BRDA:56,5,1,4
BRDA:57,6,0,3
BRDA:57,6,1,1
BRDA:66,7,0,0
BRDA:66,7,1,0
BRF:16
BRH:8
end_of_record
TN:
SF:src\utils\zcqlBuilder.js
FN:3,escapeValue
FN:11,buildWhereClause
FN:13,(anonymous_2)
FN:14,(anonymous_3)
FN:27,buildSelect
FNF:5
FNH:5
FNDA:15,escapeValue
FNDA:5,buildWhereClause
FNDA:8,(anonymous_2)
FNDA:6,(anonymous_3)
FNDA:1,buildSelect
DA:4,15
DA:5,13
DA:6,5
DA:7,3
DA:8,3
DA:12,5
DA:13,8
DA:15,6
DA:16,1
DA:17,1
DA:19,5
DA:20,1
DA:22,4
DA:24,5
DA:28,1
DA:29,1
DA:30,1
DA:31,1
DA:32,1
DA:35,1
LF:20
LH:20
BRDA:4,0,0,2
BRDA:4,0,1,13
BRDA:4,1,0,15
BRDA:4,1,1,14
BRDA:5,2,0,8
BRDA:5,2,1,5
BRDA:6,3,0,2
BRDA:6,3,1,3
BRDA:6,4,0,1
BRDA:6,4,1,1
BRDA:11,5,0,0
BRDA:13,6,0,8
BRDA:13,6,1,7
BRDA:13,6,2,6
BRDA:15,7,0,1
BRDA:15,7,1,5
BRDA:19,8,0,1
BRDA:19,8,1,4
BRDA:19,9,0,5
BRDA:19,9,1,1
BRDA:24,10,0,5
BRDA:24,10,1,0
BRDA:27,11,0,1
BRDA:27,12,0,0
BRDA:27,13,0,1
BRDA:27,14,0,0
BRDA:27,15,0,0
BRDA:30,16,0,0
BRDA:30,16,1,1
BRF:29
BRH:23
end_of_record
